<?xml version="1.0" encoding="UTF-8"?>
<!-- Generated by org.testng.reporters.JUnitXMLReporter -->
<testsuite ignored="0" hostname="WKMGB7594573" failures="1" tests="2" name="Banktest" time="21.149" errors="0" timestamp="28 May 2019 14:37:03 GMT">
  <testcase classname="com.inetBank.testCases.TC_LoginTest_001" name="loginTest" time="1.63">
    <failure type="junit.framework.AssertionFailedError">
      <![CDATA[junit.framework.AssertionFailedError
at junit.framework.Assert.fail(Assert.java:47)
at junit.framework.Assert.assertTrue(Assert.java:20)
at junit.framework.Assert.assertTrue(Assert.java:27)
at com.inetBank.testCases.TC_LoginTest_001.loginTest(TC_LoginTest_001.java:34)
... Removed 25 stack frames]]>
    </failure>
  </testcase> <!-- loginTest -->
  <testcase classname="com.inetBank.testCases.TC_AddNew_Customer_003" name="addNewCustomer" time="14.026"/>
</testsuite> <!-- Banktest -->
